AXFH000,FLIGHT:1
HFDTE280320
HFPLTPILOT:William Tempone da Silva
HFGTYGLIDERTYPE:Sol Primus 5
HFDTM100GPSDATUM:WGS84
HFRFWFIRMWAREVERSION:6.15.1
HFRHWHARDWAREVERSION:iPhone 11
HFFTYFRTYPE:Flyskyhy,6.15.1
HFGPS:Internal
HFPRSVARIO:Internal Vario
HFCCLCOMPETITIONCLASS:Paraglider
HFTZNTIMEZONE:-3
I053638FXA3941VXA4244GSP4547CCO4850HDT
B2032551921042S04234110WA0068600687005003000170191
B2032561921042S04234110WA0068600687005003000170191
B2032571921042S04234110WA0068700687005003000170187
B2032581921042S04234110WA0068700687005003000170189
B2032591921042S04234110WA0068700687005003000170190
B2033001921042S04234110WA0068700687005003000170190
B2033011921042S04234110WA0068700687005003000170190
B2033021921042S04234110WA0068700687005003000170189
B2033031921041S04234110WA0068700687005003000170189
B2033041921041S04234110WA0068700687005003000170190
B2033051921041S04234110WA0068700687005003000170190
B2033061921041S04234110WA0068700687005003000170187
B2033071921041S04234110WA0068700687005003000170178
B2033081921041S04234110WA0068700687005003000170185
B2033091921041S04234110WA0068700686005003000170170
B2033101921039S04234109WA0068700686005003006018187
B2033111921038S04234109WA0068700686005003004022206
B2033121921037S04234108WA0068600685005003006035020
B2033131921036S04234107WA0068600685005004009045046
B2033141921034S04234105WA0068500681005004015043025
B2033151921031S04234103WA0068400680005004019031061
B2033161921028S04234100WA0068200675005004025037052
B2033171921024S04234097WA0067900674005004027042046
B2033181921021S04234092WA0067700674005004030053064
B2033191921019S04234087WA0067500676005004029061065
B2033201921017S04234083WA0067400674005004028064059
B2033211921016S04234079WA0067300673005004028069079
B2033221921015S04234075WA0067200672005004029074076
B2033231921014S04234069WA0067200671005004031080084
B2033241921014S04234064WA0067100670005004031087080
B2033251921014S04234060WA0067000670005004030089080
B2033261921014S04234055WA0066900669005004029087078
B2033271921014S04234051WA0066900668005003029086083
B2033281921014S04234046WA0066800667005004029087082
B2033291921014S04234041WA0066700666005004029091069
B2033301921014S04234037WA0066600665005004028088067
B2033311921013S04234033WA0066500662005004028082058
B2033321921011S04234028WA0066400661005004029071057
B2033331921008S04234024WA0066200660005004029066053
B2033341921007S04234020WA0066100659005004028064054
B2033351921005S04234016WA0066000658005004027063052
B2033361921003S04234013WA0065800657005004027063048
B2033371921001S04234009WA0065700656005004027061047
B2033381920999S04234005WA0065600655005004027058046
B2033391920996S04234002WA0065500653005004028055050
B2033401920994S04233998WA0065400652005004028055046
B2033411920991S04233994WA0065300650005004027055037
B2033421920989S04233991WA0065200649005004027052031
B2033431920986S04233988WA0065100648005004027044033
B2033441920982S04233986WA0064900646005004027039030
B2033451920979S04233983WA0064800645005004029038039
B2033461920976S04233979WA0064700645005004028043040
B2033471920973S04233976WA0064600644005004027047049
B2033481920971S04233973WA0064400643005004027049046
B2033491920968S04233969WA0064300641005004028052051
B2033501920966S04233965WA0064200640005004031056061
B2033511920964S04233960WA0064100639005004031061057
B2033521920962S04233956WA0064000639005004031064059
B2033531920960S04233952WA0063800639005004029066057
B2033541920958S04233948WA0063700638005003027065058
B2033551920957S04233944WA0063600636005003028064062
B2033561920955S04233940WA0063500634005003030065064
B2033571920953S04233935WA0063400632005004032067065
B2033581920952S04233930WA0063300632005003032072072
B2033591920951S04233925WA0063200631005004032076072
B2034001920950S04233920WA0063000629005003030079077
B2034011920950S04233915WA0062900628005003030082080
B2034021920950S04233911WA0062800626005003031085080
B2034031920950S04233906WA0062700625005003031087083
B2034041920949S04233901WA0062600624005003030087081
B2034051920949S04233896WA0062500622005003029088080
B2034061920949S04233892WA0062300621005003030088082
B2034071920949S04233887WA0062200619005003031088082
B2034081920949S04233882WA0062100618005003031091090
B2034091920950S04233877WA0062000615005003032094090
B2034101920951S04233872WA0061900614005003033097092
B2034111920952S04233867WA0061700613005003030100083
B2034121920952S04233863WA0061600612005003028098077
B2034131920952S04233858WA0061500610005003027088071
B2034141920951S04233854WA0061400608005003029084076
B2034151920951S04233849WA0061300606005003032083078
B2034161920951S04233844WA0061100605005003032086078
B2034171920951S04233839WA0061000604005003030089075
B2034181920951S04233835WA0060800603005003027089074
B2034191920951S04233830WA0060700602005003027087074
B2034201920950S04233826WA0060500600005003028085080
B2034211920950S04233821WA0060400598005003030088083
B2034221920950S04233816WA0060300596005003031091083
B2034231920951S04233811WA0060200595005003030095077
B2034241920951S04233807WA0060000594005003028094081
B2034251920952S04233802WA0059900592005003029092078
B2034261920952S04233798WA0059800591005003029091085
B2034271920952S04233793WA0059600589005003031094086
B2034281920953S04233788WA0059500588005003032097080
B2034291920953S04233783WA0059400587005003031096078
B2034301920953S04233778WA0059200586005003029093077
B2034311920953S04233774WA0059100584005003029090082
B2034321920953S04233769WA0059000583005003030092086
B2034331920954S04233764WA0058900581005003032095086
B2034341920955S04233758WA0058800580005003032097085
B2034351920955S04233754WA0058600579005003031096086
B2034361920956S04233750WA0058500578005003029095089
B2034371920956S04233745WA0058400576005003029096092
B2034381920957S04233740WA0058300574005003030099090
B2034391920959S04233735WA0058100573005003032103087
B2034401920959S04233730WA0058000572005003031097085
B2034411920960S04233726WA0057900571005003029096084
B2034421920960S04233721WA0057800570005003030096089
B2034431920961S04233716WA0057600568005003031100093
B2034441920962S04233711WA0057500567005003032103091
B2034451920963S04233706WA0057400566005003031104087
B2034461920964S04233702WA0057300565005003028100081
B2034471920964S04233697WA0057200563005003028093075
B2034481920964S04233693WA0057000561005003029090076
B2034491920964S04233688WA0056900560005003030089076
B2034501920964S04233683WA0056800558005003030089075
B2034511920964S04233678WA0056700557005004031088071
B2034521920964S04233674WA0056500555005004030086071
B2034531920963S04233669WA0056400554005003031085076
B2034541920963S04233664WA0056300553005003031085074
B2034551920963S04233659WA0056100552005003031087085
B2034561920963S04233654WA0056000551005003031090090
B2034571920964S04233649WA0055900550005003031094085
B2034581920964S04233644WA0055700548005003031098100
B2034591920966S04233639WA0055600547005003031103093
B2035001920967S04233635WA0055500545005003031105099
B2035011920968S04233630WA0055300544005003031106096
B2035021920969S04233626WA0055200542005003030104090
B2035031920970S04233621WA0055100541005003029103085
B2035041920971S04233616WA0054900539005003029094078
B2035051920971S04233612WA0054800538005003029090072
B2035061920970S04233607WA0054700536005003029082067
B2035071920969S04233603WA0054600535005003029079064
B2035081920968S04233598WA0054400534005003029077068
B2035091920967S04233593WA0054300533005003030077070
B2035101920966S04233588WA0054100531005003031080077
B2035111920966S04233583WA0054000530005003032084081
B2035121920966S04233578WA0053900529005003032087084
B2035131920966S04233573WA0053700528005003032092088
B2035141920967S04233568WA0053600526005003031096092
B2035151920968S04233564WA0053500525005003031099096
B2035161920969S04233559WA0053300523005003032103099
B2035171920971S04233554WA0053200522005003032108103
B2035181920973S04233549WA0053100520005003032110104
B2035191920975S04233545WA0053000519005003032113103
B2035201920977S04233540WA0052800518005003032113106
B2035211920979S04233535WA0052700516005003032113105
B2035221920980S04233531WA0052600515005003032113107
B2035231920982S04233526WA0052400514005003032115118
B2035241920985S04233522WA0052300512005003033120115
B2035251920988S04233517WA0052100511005003035126133
B2035261920992S04233513WA0052000510005003034131124
B2035271920995S04233510WA0051900509005003030135126
B2035281920998S04233507WA0051700508005003027135126
B2035291921001S04233503WA0051600506005003028132123
B2035301921004S04233499WA0051500504005003031129124
B2035311921007S04233495WA0051400503005003033128117
B2035321921010S04233491WA0051300502005003032126107
B2035331921012S04233487WA0051100501005003030116096
B2035341921013S04233482WA0051000500005003029105086
B2035351921013S04233478WA0050900498005003029097080
B2035361921013S04233473WA0050700497005003029092074
B2035371921013S04233469WA0050600496005003028086067
B2035381921012S04233464WA0050500495005003027081058
B2035391921011S04233460WA0050400493005003026073051
B2035401921009S04233456WA0050300492005003027067056
B2035411921007S04233452WA0050200490005003029068061
B2035421921006S04233447WA0050000488005003030070062
B2035431921005S04233443WA0049900487005003031077067
B2035441921004S04233438WA0049800486005003030079062
B2035451921003S04233433WA0049600485005003028078062
B2035461921002S04233429WA0049500484005003028076062
B2035471921001S04233425WA0049300482005003029073058
B2035481920999S04233420WA0049200481005003031072063
B2035491920998S04233415WA0049100480005003031073060
B2035501920997S04233411WA0049000479005003030073057
B2035511920995S04233407WA0048900479005003028071058
B2035521920994S04233403WA0048700477005003028068065
B2035531920992S04233398WA0048600476005003028070066
B2035541920991S04233394WA0048600474005003030076075
B2035551920991S04233389WA0048500473005003031084078
B2035561920991S04233384WA0048400472005003030087082
B2035571920991S04233380WA0048300471005003029088083
B2035581920991S04233375WA0048100470005003029089077
B2035591920991S04233370WA0048000468005003031090082
B2036001920991S04233365WA0047900467005003033091080
B2036011920991S04233360WA0047800466005003032092080
B2036021920991S04233355WA0047700464005003030087072
B2036031920991S04233351WA0047500464005003028084073
B2036041920990S04233346WA0047400463005003028081068
B2036051920989S04233342WA0047300461005003030079069
B2036061920988S04233337WA0047200460005003030079071
B2036071920987S04233332WA0047100458005003030079062
B2036081920986S04233328WA0046900458005003028074059
B2036091920985S04233324WA0046800457005003027071057
B2036101920983S04233320WA0046700455005003027066050
B2036111920981S04233316WA0046600454005003027062053
B2036121920979S04233313WA0046500453005003027059044
B2036131920976S04233309WA0046400452005003027054039
B2036141920970S04233304WA0046200450005003027038039
B2036151920966S04233301WA0046100448005003028038041
B2036161920963S04233298WA0045900447005003029045054
B2036171920961S04233293WA0045900445005003031062063
B2036181920960S04233288WA0045700444005003032066060
B2036191920958S04233283WA0045600444005003031071065
B2036201920957S04233279WA0045500443005003029073069
B2036211920956S04233274WA0045400442005003029076077
B2036221920956S04233269WA0045300440005003031082083
B2036231920956S04233264WA0045200438005003033091091
B2036241920957S04233259WA0045100437005003034095093
B2036251920958S04233254WA0045000436005003033098102
B2036261920959S04233249WA0044900435005003033106110
B2036271920961S04233244WA0044800434005003033110106
B2036281920963S04233239WA0044600433005003033113115
B2036291920966S04233235WA0044500431005003033116112
B2036301920969S04233230WA0044400430005003034123131
B2036311920972S04233226WA0044300428005003035128131
B2036321920976S04233222WA0044200427005003035131137
B2036331920979S04233219WA0044100426005003035136135
B2036341920983S04233215WA0043900424005003035136135
B2036351920987S04233211WA0043800422005003036135139
B2036361920991S04233207WA0043700421005003037131129
B2036371920994S04233202WA0043500421005003035126120
B2036381920996S04233198WA0043400420005003032117112
B2036391920997S04233193WA0043300419005003031106097
B2036401920998S04233188WA0043200417005003032099097
B2036411920998S04233182WA0043100415005003034095098
B2036421920999S04233177WA0043000414005003035093098
B2036431920999S04233171WA0042900413005003035094096
B2036441921000S04233166WA0042700411005003035096100
B2036451921000S04233160WA0042600410005003034095090
B2036461921001S04233155WA0042500409005003033094094
B2036471921001S04233150WA0042400408005003033091082
B2036481921000S04233145WA0042300407005003033085082
B2036491921000S04233140WA0042200405005003034084078
B2036501920999S04233134WA0042100404005003034081079
B2036511920998S04233129WA0042000403005003034079073
B2036521920996S04233124WA0041800402005003033074073
B2036531920995S04233119WA0041700401005004031071066
B2036541920993S04233115WA0041600400005004030067065
B2036551920991S04233110WA0041500399005004031064062
B2036561920988S04233106WA0041400397005004033062062
B2036571920986S04233101WA0041300396005004034061063
B2036581920983S04233097WA0041200396005004032060059
B2036591920981S04233092WA0041000395005004031057048
B2037001920978S04233088WA0040900394005004030054051
B2037011920975S04233084WA0040800392005004032053051
B2037021920972S04233080WA0040700391005004035054053
B2037031920969S04233075WA0040600390005004036056056
B2037041920966S04233070WA0040500390005004034059055
B2037051920964S04233066WA0040400390005004030059053
B2037061920962S04233063WA0040300389005004027055044
B2037071920959S04233059WA0040200387005004027050037
B2037081920956S04233056WA0040100385005004029043029
B2037091920952S04233053WA0040100384005004032034023
B2037101920947S04233051WA0040000383005004031029015
B2037111920943S04233050WA0039800382005004029018004
B2037121920939S04233050WA0039700382005004027007355
B2037131920935S04233050WA0039600380005004027001356
B2037141920931S04233050WA0039500378005004029358354
B2037151920926S04233050WA0039300377005004030000008
B2037161920922S04233049WA0039200376005004029014022
B2037171920918S04233047WA0039100376005004028025035
B2037181920915S04233043WA0039000374005004030047055
B2037191920913S04233038WA0038900373005004033059065
B2037201920911S04233033WA0038800371005004035071084
B2037211920911S04233027WA0038700370005004035085096
B2037221920912S04233022WA0038600369005004034101116
B2037231920914S04233017WA0038400367005004034116129
B2037241920918S04233013WA0038300366005004035129145
B2037261920922S04233009WA0038200365005004035138155
B2037271920926S04233007WA0038000364005003034147169
B2037281920931S04233005WA0037900363005003032162178
B2037291920936S04233005WA0037800361005003033171181
B2037301920941S04233005WA0037700359005003035177190
B2037311920947S04233005WA0037500357005003036181185
B2037321920952S04233005WA0037400357005003035177184
B2037331920957S04233004WA0037200357005003032171168
B2037341920961S04233003WA0037100357005003028163165
B2037351920965S04233000WA0037000355005003028151144
B2037361920968S04232997WA0036900353005003031140140
B2037371920972S04232993WA0036800351005003035129117
B2037381920974S04232987WA0036800349005003038112099
B2037391920974S04232981WA0036700349005003036091080
B2037401920972S04232976WA0036500348005003034069061
B2037411920969S04232972WA0036400346005003033050045
B2037421920965S04232969WA0036200346005003031037028
B2037431920960S04232967WA0036100345005003029025020
B2037441920956S04232966WA0036000344005004028016002
B2037451920952S04232967WA0035900342005004028359346
B2037461920948S04232968WA0035800341005004029343329
B2037471920944S04232971WA0035700339005004029330318
B2037481920941S04232974WA0035600337005004028316313
B2037491920938S04232977WA0035400337005004028312311
B2037501920936S04232981WA0035300335005004028309311
B2037511920933S04232984WA0035200334005003028309303
B2037521920930S04232988WA0035100333005003028307304
B2037531920928S04232992WA0035000331005003030304302
B2037541920926S04232997WA0034900329005003032300302
B2037551920923S04233001WA0034800328005003031299302
B2037561920921S04233005WA0034600327005003030301307
B2037571920918S04233009WA0034500326005003028303305
B2037581920916S04233012WA0034400325005003026309323
B2037591920913S04233015WA0034300323005003025319332
B2038001920909S04233016WA0034200321005003026331348
B2038011920904S04233017WA0034100319005003030352003
B2038021920900S04233016WA0034000318005003032005016
B2038031920895S04233014WA0033800317005003032028035
B2038041920892S04233010WA0033700315005003031046053
B2038051920890S04233005WA0033500314005003031064071
B2038061920889S04233000WA0033400313005003032076084
B2038071920889S04232995WA0033300312005003032090099
B2038081920890S04232990WA0033100310005003032102115
B2038091920893S04232986WA0033000309005004031119129
B2038101920896S04232982WA0032900308005003032136142
B2038111920900S04232979WA0032800306005003033144155
B2038121920905S04232977WA0032700306005003033151159
B2038131920909S04232975WA0032500305005003032155164
B2038141920914S04232974WA0032400304005003031162179
B2038151920919S04232973WA0032300303005004032168175
B2038161920924S04232972WA0032200301005004034172175
B2038171920929S04232972WA0032100300005003035173162
B2038181920934S04232970WA0032000300005003034160147
B2038191920938S04232967WA0031900298005003034145128
B2038201920943S04232957WA0031700295005003034111098
B2038211920943S04232952WA0031600295005003032093085
B2038221920942S04232948WA0031500294005003028075069
B2038231920939S04232945WA0031400293005003025054054
B2038241920936S04232942WA0031300291005003024035035
B2038251920933S04232941WA0031200290005003024016014
B2038261920929S04232941WA0031100289005003024002354
B2038271920926S04232942WA0031000287005004024345342
B2038281920922S04232944WA0030900286005004026338337
B2038291920919S04232946WA0030800284005004029332333
B2038301920915S04232949WA0030700284005004029329337
B2038311920911S04232951WA0030500282005004027330331
B2038321920908S04232953WA0030400282005004026330328
B2038331920905S04232955WA0030300280005004026328326
B2038341920901S04232958WA0030200279005004027323325
B2038351920899S04232961WA0030100278005004027318328
B2038361920896S04232964WA0030000277005004024317338
B2038371920894S04232965WA0029900276005004020330348
B2038381920891S04232966WA0029800275005004019344000
B2038391920887S04232965WA0029700273005004022008007
B2038401920884S04232963WA0029600271005004025024026
B2038411920881S04232960WA0029500270005003025043050
B2038421920880S04232956WA0029400269005004025069063
B2038431920881S04232952WA0029200266005003029097092
B2038441920883S04232947WA0029100263005003035120108
B2038451920888S04232942WA0028900260005003041137131
B2038461920894S04232938WA0028700259005003044143139
B2038471920898S04232934WA0028400260005003038139134
B2038481920901S04232930WA0028200260005004033131134
B2038491920904S04232926WA0028100259005004031122123
B2038501920906S04232921WA0028000257005004032123129
B2038511920910S04232917WA0027900253005004037129136
B2038521920914S04232912WA0027800252005004042136141
B2038531920919S04232907WA0027700252005004040136135
B2038541920923S04232904WA0027500253005004033136135
B2038551920926S04232901WA0027400252005004028136136
B2038561920928S04232898WA0027300251005004022132133
B2038571920929S04232896WA0027200252005004016127129
B2038581920931S04232895WA0027200252005004016131140
B2038591920932S04232894WA0027200252005004016137136
B2039001920934S04232893WA0027200252005004018144137
B2039011920935S04232893WA0027200252005004011148146
B2039021920935S04232892WA0027200252005004008146153
B2039031920935S04232892WA0027200252005004000146153
B2039041920935S04232892WA0027200252005004000146298
B2039051920935S04232892WA0027200252005004000146296
B2039061920935S04232893WA0027200252005004000146294
B2039071920935S04232893WA0027200252005004000146293
B2039081920935S04232893WA0027200253005004000146292
B2039091920935S04232893WA0027200252005004000146290
B2039101920935S04232893WA0027200252005004000146289
B2039111920935S04232893WA0027200252005004000146289
B2039121920935S04232893WA0027200253005004000146289
B2039131920935S04232893WA0027200253005004000146289
B2039141920935S04232893WA0027200253005004000146289
B2039151920935S04232893WA0027200253005004000146289
B2039161920935S04232893WA0027200253005004000146289
B2039171920935S04232893WA0027200253005004000146289
B2039181920935S04232893WA0027200253005004000146289
B2039191920935S04232893WA0027200253005004000146289
B2039201920935S04232893WA0027200254005004000146289
B2039211920935S04232892WA0027200253005004000146289
B2039221920935S04232892WA0027200254005004000146289
B2039231920935S04232892WA0027200253005004000146289
B2039241920935S04232892WA0027200254005004000146289
B2039251920935S04232892WA0027200254005004000146289
B2039261920935S04232892WA0027200254005004000146289
B2039271920935S04232892WA0027200254005004000146289
B2039281920935S04232892WA0027200254005004000146289
B2039291920935S04232892WA0027200255005004000146289
B2039301920935S04232892WA0027200255005004000146289
B2039311920935S04232892WA0027200254005004000146289
B2039321920935S04232892WA0027200256005004002359289
B2039331920935S04232892WA0027200254005004000359289
B2039341920935S04232892WA0027200255005004000359289
B2039351920935S04232892WA0027200254005004000359289
B2039371920935S04232892WA0027200254005004000359289
B2039381920935S04232892WA0027200254005004000359289
B2039391920935S04232892WA0027200254005004000359289
B2039401920935S04232892WA0027200254005004000359289
B2039411920935S04232892WA0027200254005004000359289
B2039421920935S04232893WA0027200253005004000359289
B2039431920935S04232893WA0027300253005004000359289
B2039441920935S04232892WA0027300254005004000359289
B2039451920935S04232893WA0027200253005004000359289
B2039461920935S04232893WA0027200253005004000359289
B2039471920935S04232893WA0027200253005004000359289
B2039481920935S04232893WA0027200253005004000359289
B2039491920935S04232893WA0027200253005004000359289
B2039501920934S04232893WA0027200254005004000359289
B2039511920934S04232892WA0027200253005004000359289
B2039521920934S04232892WA0027200253005004000359289
B2039531920934S04232893WA0027200253005004000359289
B2039541920934S04232893WA0027200253005004000359289
B2039551920934S04232893WA0027200254005004000359289
B2039561920934S04232893WA0027200253005004000359289
B2039571920934S04232893WA0027200253005004000359289
B2039581920934S04232893WA0027200253005004000359289
B2039591920934S04232893WA0027200252005004000359289
B2040001920934S04232893WA0027200252005004000359289
B2040011920934S04232893WA0027200252005004000359289
B2040021920934S04232893WA0027200252005004000359289
B2040031920935S04232893WA0027200252005004000359289
B2040041920934S04232893WA0027200252005004000359289
B2040051920935S04232893WA0027200251005004000359289
B2040061920935S04232893WA0027200251005004000359289
B2040071920935S04232893WA0027200251005004000359289
B2040081920935S04232893WA0027200251005004000359289
B2040091920935S04232893WA0027200251005004000359289
B2040101920935S04232893WA0027200251005004000359289
B2040111920935S04232893WA0027200251005004000359289
B2040121920934S04232893WA0027200252005004000359289
B2040131920935S04232893WA0027200251005004000359289
B2040141920935S04232893WA0027200251005004000359289
B2040151920935S04232893WA0027200252005004000359289
B2040161920935S04232893WA0027200252005004000359289
B2040171920935S04232893WA0027200252005004000359289
B2040181920935S04232893WA0027200252005004000359289
B2040191920935S04232893WA0027200252005004000359289
B2040201920935S04232893WA0027200251005004000359289
B2040211920935S04232893WA0027200251005004000359289
B2040221920934S04232893WA0027200251005004000359289
B2040231920934S04232893WA0027200251005004000359289
B2040241920934S04232893WA0027200251005004000359289
B2040251920934S04232893WA0027200251005004000359289
B2040261920934S04232893WA0027200251005004000359289
B2040271920934S04232893WA0027200251005004000359289
B2040281920934S04232892WA0027200252005004000359289
B2040291920935S04232892WA0027200252005004000359289
B2040301920935S04232892WA0027200252005004000359289
B2040311920934S04232892WA0027200252005004000359289
B2040321920934S04232892WA0027200252005004000359289
B2040331920934S04232892WA0027200253005004000359289
B2040341920934S04232892WA0027200253005004000359289
B2040351920934S04232892WA0027200253005004000359289
B2040361920934S04232892WA0027200253005004000359289
B2040371920934S04232892WA0027200254005004000359289
B2040381920934S04232892WA0027200254005004000359289
B2040391920934S04232892WA0027200254005004000359289
B2040401920934S04232892WA0027200254005004000359289
B2040411920935S04232893WA0027200254005004000359289
B2040421920934S04232893WA0027200254005004000359289
B2040431920934S04232893WA0027200254005004000359289
B2040441920934S04232893WA0027200255005004000359289
B2040451920934S04232892WA0027200255005004000359289
B2040461920934S04232892WA0027200255005004000359289
B2040471920934S04232893WA0027200255005004000359289
B2040481920934S04232893WA0027200254005004000359289
B2040491920935S04232894WA0027200254005004000359289
B2040501920935S04232893WA0027200254005004000359289
B2040511920935S04232893WA0027200254005004000359289
B2040521920936S04232894WA0027200254005004000359289
B2040531920936S04232894WA0027200253005004000359289
B2040541920936S04232894WA0027200253005004000359289
B2040551920935S04232894WA0027200253005004000359289
B2040561920935S04232894WA0027200253005004000359289
B2040571920935S04232894WA0027200253005004000359289
B2040581920935S04232894WA0027200253005004000359289
B2040591920936S04232894WA0027200253005004000359289
B2041001920936S04232894WA0027200253005004000359289
B2041011920936S04232894WA0027200254005004002359289
B2041021920936S04232894WA0027200253005004002222289
B2041031920936S04232894WA0027200253005004000224255
GlZ1YV+axGYAFX1sa8fwDaZyep8lYVl4XEDxKs/GxRcj5Nui7iXPsLzLDKI7KqTUA
GRpvhpASzsFPPaouPdvTwV6mrk6/YWalkbi8UbMII7ySJp7GAya87gQnD6kxELy5R
GDLp+2nKia/lG2Z9TCTqNgBV/6dJy11nF88pJuAkvoLg=
